<?xml version="1.0" encoding="UTF-8"?>
<testng-results ignored="0" total="1" passed="1" failed="0" skipped="0">
  <reporter-output>
  </reporter-output>
  <suite started-at="2021-06-09T07:49:23 IST" name="Default suite" finished-at="2021-06-09T07:50:30 IST" duration-ms="66577">
    <groups>
    </groups>
    <test started-at="2021-06-09T07:49:23 IST" name="Default test" finished-at="2021-06-09T07:50:30 IST" duration-ms="66577">
      <class name="com.amazon.testcases.ValidateAmazonCheckoutFlow">
        <test-method signature="Verify_Amazon_checkoutFlow()[pri:0, instance:com.amazon.testcases.ValidateAmazonCheckoutFlow@290222c1]" started-at="2021-06-09T07:49:23 IST" name="Verify_Amazon_checkoutFlow" finished-at="2021-06-09T07:50:30 IST" duration-ms="66505" status="PASS">
          <reporter-output>
          </reporter-output>
        </test-method> <!-- Verify_Amazon_checkoutFlow -->
      </class> <!-- com.amazon.testcases.ValidateAmazonCheckoutFlow -->
    </test> <!-- Default test -->
  </suite> <!-- Default suite -->
</testng-results>
