<?xml version="1.0" encoding="UTF-8"?>
<testng-results skipped="0" failed="0" ignored="0" total="1" passed="1">
  <reporter-output>
  </reporter-output>
  <suite name="Default suite" duration-ms="14147" started-at="2021-06-08T23:00:13 CDT" finished-at="2021-06-08T23:00:27 CDT">
    <groups>
    </groups>
    <test name="Default test" duration-ms="14147" started-at="2021-06-08T23:00:13 CDT" finished-at="2021-06-08T23:00:27 CDT">
      <class name="com.RESTAPISAMPLE.Test.GETEmployeeAPIRequestTest">
        <test-method status="PASS" signature="getEmployeeDetails()[pri:0, instance:com.RESTAPISAMPLE.Test.GETEmployeeAPIRequestTest@5a1c0542]" name="getEmployeeDetails" duration-ms="14086" started-at="2021-06-08T23:00:13 CDT" finished-at="2021-06-08T23:00:27 CDT">
          <reporter-output>
          </reporter-output>
        </test-method> <!-- getEmployeeDetails -->
      </class> <!-- com.RESTAPISAMPLE.Test.GETEmployeeAPIRequestTest -->
    </test> <!-- Default test -->
  </suite> <!-- Default suite -->
</testng-results>
